Arguments: 
  /home/liliu/.nvm/versions/node/v16.14.0/bin/node /home/liliu/.nvm/versions/node/v16.14.0/bin/yarn dev

PATH: 
  /home/liliu/.meteor:/home/liliu/.nvm/versions/node/v16.14.0/bin:/home/liliu/.local/share/zinit/polaris/bin:/usr/local/sbin:/usr/local/bin:/usr/sbin:/usr/bin:/sbin:/bin:/usr/games:/usr/local/games:/snap/bin

Yarn version: 
  1.22.17

Node version: 
  16.14.0

Platform: 
  linux x64

Trace: 
  SyntaxError: /home/liliu/Documentos/javascript1/teste-html/testehtml/desafios/rocketCoffee/package.json: Unexpected token , in JSON at position 152
      at JSON.parse (<anonymous>)
      at /home/liliu/.nvm/versions/node/v16.14.0/lib/node_modules/yarn/lib/cli.js:1625:59
      at Generator.next (<anonymous>)
      at step (/home/liliu/.nvm/versions/node/v16.14.0/lib/node_modules/yarn/lib/cli.js:310:30)
      at /home/liliu/.nvm/versions/node/v16.14.0/lib/node_modules/yarn/lib/cli.js:321:13

npm manifest: 
  {
    "name": "rocketCoffee",
    "version": "1.0.0",
    "main": "index.js",
    "license": "MIT",
    "scripts":{
  	  "dev":{ 
  		  "sass -w style.scss:style.css",
  		  "live-server --no-browser"
   	}	  
    }
  }

yarn manifest: 
  No manifest

Lockfile: 
  No lockfile
